<?xml version="1.0" encoding="UTF-8"?>
<Site BuildName="(empty)"
	BuildStamp="20240304-1506-Experimental"
	Name="barracuda"
	Generator="ctest-3.16.3"
	CompilerName="/usr/bin/g++"
	CompilerVersion="9.4.0"
	OSName="Linux"
	Hostname="barracuda"
	OSRelease="5.15.0-97-generic"
	OSVersion="#107~20.04.1-Ubuntu SMP Fri Feb 9 14:20:11 UTC 2024"
	OSPlatform="x86_64"
	Is64Bits="1"
	VendorString="GenuineIntel"
	VendorID="Intel Corporation"
	FamilyID="6"
	ModelID="154"
	ProcessorCacheSize="12288"
	NumberOfLogicalCPU="12"
	NumberOfPhysicalCPU="8"
	TotalVirtualMemory="2047"
	TotalPhysicalMemory="15657"
	LogicalProcessorsPerPhysical="1"
	ProcessorClockFrequency="3385.94"
	>
	<Testing>
		<StartDateTime>Mar 04 23:18 +08</StartDateTime>
		<StartTestTime>1709565519</StartTestTime>
		<TestList/>
		<EndDateTime>Mar 04 23:18 +08</EndDateTime>
		<EndTestTime>1709565519</EndTestTime>
		<ElapsedMinutes>0</ElapsedMinutes>
	</Testing>
</Site>
